<?xml version="1.0" encoding="UTF-8"?>
<!-- Generated by org.testng.reporters.JUnitReportReporter -->
<testsuite skipped="0" hostname="Riyaz" name="com.qa.MouseHover.scrollbar" tests="1" failures="0" timestamp="30 Nov 2020 09:15:09 GMT" time="55.572" errors="0">
  <testcase name="test" time="55.572" classname="com.qa.MouseHover.scrollbar"/>
</testsuite> <!-- com.qa.MouseHover.scrollbar -->
