<?xml version="1.0" encoding="UTF-8"?>
<!-- Generated by org.testng.reporters.JUnitReportReporter -->
<testsuite skipped="1" hostname="Riyaz" name="com.qa.DisableTests.DisableTestDemo" tests="3" failures="0" timestamp="01 Dec 2020 05:12:14 GMT" time="0.154" errors="0">
  <testcase name="testMethodOne" time="0.149" classname="com.qa.DisableTests.DisableTestDemo"/>
  <testcase name="testMethodThree" time="0.005" classname="com.qa.DisableTests.DisableTestDemo"/>
  <testcase name="testMethodTwo" classname="com.qa.DisableTests.DisableTestDemo">
    <skipped/>
  </testcase> <!-- testMethodTwo -->
</testsuite> <!-- com.qa.DisableTests.DisableTestDemo -->
