<?xml version="1.0" encoding="UTF-8"?>
<!-- Generated by org.testng.reporters.JUnitReportReporter -->
<testsuite skipped="0" hostname="Riyaz" name="com.qa.MouseHover.ContextClick" tests="1" failures="0" timestamp="30 Nov 2020 04:01:30 GMT" time="18.248" errors="0">
  <testcase name="test" time="18.248" classname="com.qa.MouseHover.ContextClick"/>
</testsuite> <!-- com.qa.MouseHover.ContextClick -->
