<?xml version="1.0" encoding="UTF-8"?>
<!-- Generated by org.testng.reporters.JUnitReportReporter -->
<testsuite skipped="0" hostname="Riyaz" name="com.qa.pdfUtil.ReadPdfText" tests="1" failures="0" timestamp="28 Oct 2020 16:19:29 GMT" time="5.104" errors="0">
  <testcase name="readPdf" time="5.104" classname="com.qa.pdfUtil.ReadPdfText"/>
</testsuite> <!-- com.qa.pdfUtil.ReadPdfText -->
