<?xml version="1.0" encoding="UTF-8"?>
<!-- Generated by org.testng.reporters.JUnitReportReporter -->
<testsuite skipped="0" hostname="Riyaz" name="com.qa.MouseHover.Mousehover" tests="1" failures="0" timestamp="29 Nov 2020 16:06:15 GMT" time="88.579" errors="0">
  <testcase name="test" time="88.579" classname="com.qa.MouseHover.Mousehover"/>
</testsuite> <!-- com.qa.MouseHover.Mousehover -->
