<?xml version="1.0" encoding="UTF-8"?>
<!-- Generated by org.testng.reporters.JUnitReportReporter -->
<testsuite skipped="0" hostname="RIYAZ" name="com.qa.pdfUtil.ReadPdfText" tests="1" failures="0" timestamp="2021-01-14T20:42:44 IST" time="13.157" errors="0">
  <testcase name="readPdf" time="13.157" classname="com.qa.pdfUtil.ReadPdfText"/>
  <system-out/>
</testsuite> <!-- com.qa.pdfUtil.ReadPdfText -->
