<?xml version="1.0" encoding="UTF-8"?>
<!-- Generated by org.testng.reporters.JUnitReportReporter -->
<testsuite skipped="0" hostname="Riyaz" name="com.qa.MouseHover.ScrollByPage" tests="1" failures="0" timestamp="30 Nov 2020 09:32:57 GMT" time="183.463" errors="0">
  <testcase name="test" time="183.463" classname="com.qa.MouseHover.ScrollByPage"/>
</testsuite> <!-- com.qa.MouseHover.ScrollByPage -->
