<?xml version="1.0" encoding="UTF-8"?>
<!-- Generated by org.testng.reporters.JUnitReportReporter -->
<testsuite skipped="0" hostname="Riyaz" name="com.qa.MouseHover.HorizontalScrollPage" tests="1" failures="0" timestamp="30 Nov 2020 09:37:07 GMT" time="34.528" errors="0">
  <testcase name="test" time="34.528" classname="com.qa.MouseHover.HorizontalScrollPage"/>
</testsuite> <!-- com.qa.MouseHover.HorizontalScrollPage -->
