<?xml version="1.0" encoding="UTF-8"?>
<!-- Generated by org.testng.reporters.JUnitReportReporter -->
<testsuite skipped="0" hostname="Riyaz" name="com.qa.checkboxes.HandlingCheckBoxe" tests="1" failures="0" timestamp="27 Nov 2020 10:32:25 GMT" time="210.195" errors="0">
  <testcase name="test" time="210.195" classname="com.qa.checkboxes.HandlingCheckBoxe"/>
</testsuite> <!-- com.qa.checkboxes.HandlingCheckBoxe -->
