<?xml version="1.0" encoding="UTF-8"?>
<!-- Generated by org.testng.reporters.JUnitReportReporter -->
<testsuite skipped="0" hostname="Riyaz" name="com.qa.MouseMovementConcept.MouseMovement" tests="1" failures="0" timestamp="27 Oct 2020 06:25:46 GMT" time="226.162" errors="0">
  <testcase name="movementTest" time="226.162" classname="com.qa.MouseMovementConcept.MouseMovement"/>
</testsuite> <!-- com.qa.MouseMovementConcept.MouseMovement -->
