<?xml version="1.0" encoding="UTF-8"?>
<!-- Generated by org.testng.reporters.JUnitReportReporter -->
<testsuite skipped="0" hostname="Riyaz" name="com.qa.AllLinks.LinksTest" tests="1" failures="0" timestamp="01 Dec 2020 11:23:47 GMT" time="42.145" errors="0">
  <testcase name="test" time="42.145" classname="com.qa.AllLinks.LinksTest"/>
</testsuite> <!-- com.qa.AllLinks.LinksTest -->
