<?xml version="1.0" encoding="UTF-8"?>
<!-- Generated by org.testng.reporters.JUnitReportReporter -->
<testsuite skipped="0" hostname="Riyaz" name="com.qa.GoogleSearchTest.googleSearchTest" tests="1" failures="0" timestamp="23 Sep 2020 06:46:00 GMT" time="64.234" errors="0">
  <testcase name="SearchTest" time="64.234" classname="com.qa.GoogleSearchTest.googleSearchTest"/>
</testsuite> <!-- com.qa.GoogleSearchTest.googleSearchTest -->
