<?xml version="1.0" encoding="UTF-8"?>
<!-- Generated by org.testng.reporters.JUnitReportReporter -->
<testsuite skipped="0" hostname="Riyaz" name="com.qa.AddingMethodsToXmlFile.AddingMethodsTotestNGFile" tests="2" failures="0" timestamp="27 Oct 2020 11:49:54 GMT" time="0.084" errors="0">
  <testcase name="SecondMethod" time="0.070" classname="com.qa.AddingMethodsToXmlFile.AddingMethodsTotestNGFile"/>
  <testcase name="ThirdMethod" time="0.014" classname="com.qa.AddingMethodsToXmlFile.AddingMethodsTotestNGFile"/>
</testsuite> <!-- com.qa.AddingMethodsToXmlFile.AddingMethodsTotestNGFile -->
