<?xml version="1.0" encoding="UTF-8"?>
<!-- Generated by org.testng.reporters.JUnitReportReporter -->
<testsuite skipped="0" hostname="Riyaz" name="com.qa.MouseHover.VerticalscrollBarByVisibleElement" tests="1" failures="0" timestamp="30 Nov 2020 09:26:54 GMT" time="165.014" errors="0">
  <testcase name="test" time="165.014" classname="com.qa.MouseHover.VerticalscrollBarByVisibleElement"/>
</testsuite> <!-- com.qa.MouseHover.VerticalscrollBarByVisibleElement -->
