<?xml version="1.0" encoding="UTF-8"?>
<!-- Generated by org.testng.reporters.JUnitReportReporter -->
<testsuite skipped="0" hostname="Riyaz" name="com.qa.Waits.Fluentwait" tests="1" failures="0" timestamp="30 Nov 2020 16:42:08 GMT" time="127.355" errors="0">
  <testcase name="test" time="127.355" classname="com.qa.Waits.Fluentwait"/>
</testsuite> <!-- com.qa.Waits.Fluentwait -->
