<?xml version="1.0" encoding="UTF-8"?>
<!-- Generated by org.testng.reporters.JUnitReportReporter -->
<testsuite skipped="0" hostname="Riyaz" name="com.qa.AllLinks.TestNGPriorityDemo" tests="2" failures="0" timestamp="09 Dec 2020 08:01:08 GMT" time="0.063" errors="0">
  <testcase name="testOne" time="0.063" classname="com.qa.AllLinks.TestNGPriorityDemo"/>
  <testcase name="testTwo" time="0.000" classname="com.qa.AllLinks.TestNGPriorityDemo"/>
</testsuite> <!-- com.qa.AllLinks.TestNGPriorityDemo -->
