<?xml version="1.0" encoding="UTF-8"?>
<!-- Generated by org.testng.reporters.JUnitReportReporter -->
<testsuite skipped="0" hostname="Riyaz" name="com.qa.MouseHover.DragandDrop" tests="1" failures="0" timestamp="30 Nov 2020 06:48:56 GMT" time="30.834" errors="0">
  <testcase name="test" time="30.834" classname="com.qa.MouseHover.DragandDrop"/>
</testsuite> <!-- com.qa.MouseHover.DragandDrop -->
