<?xml version="1.0" encoding="UTF-8"?>
<!-- Generated by org.testng.reporters.JUnitReportReporter -->
<testsuite skipped="0" hostname="Riyaz" name="com.qa.Tabs.TabsDemo" tests="1" failures="0" timestamp="01 Dec 2020 09:25:20 GMT" time="37.790" errors="0">
  <testcase name="test" time="37.790" classname="com.qa.Tabs.TabsDemo"/>
</testsuite> <!-- com.qa.Tabs.TabsDemo -->
