<?xml version="1.0" encoding="UTF-8"?>
<!-- Generated by org.testng.reporters.JUnitReportReporter -->
<testsuite skipped="0" hostname="Riyaz" name="com.qa.MouseHover.DoubleClick" tests="1" failures="0" timestamp="30 Nov 2020 04:13:20 GMT" time="19.112" errors="0">
  <testcase name="test" time="19.112" classname="com.qa.MouseHover.DoubleClick"/>
</testsuite> <!-- com.qa.MouseHover.DoubleClick -->
